This is pdfTeX, Version 3.14159265-2.6-1.40.19 (TeX Live 2018) (preloaded format=pdflatex 2018.4.16)  26 AUG 2019 11:53
entering extended mode
 restricted \write18 enabled.
 %&-line parsing enabled.
**SARCarpentryJSM2019.tex
(./SARCarpentryJSM2019.tex
LaTeX2e <2018-04-01> patch level 2
Babel <3.18> and hyphenation patterns for 84 language(s) loaded.
(/Users/nychka/Dropbox/Home/Tex/pfuef/pfuef.cls

LaTeX Warning: You have requested document class `/Users/nychka/Dropbox/Home/Te
x/pfuef/pfuef',
               but the document class provides `pfuef'.

Document Class: pfuef 2010/04/14 v2.1 pfuef
(/usr/local/texlive/2018/texmf-dist/tex/latex/graphics/color.sty
Package: color 2016/07/10 v1.1e Standard LaTeX Color (DPC)

(/usr/local/texlive/2018/texmf-dist/tex/latex/graphics-cfg/color.cfg
File: color.cfg 2016/01/02 v1.6 sample color configuration
)
Package color Info: Driver file: pdftex.def on input line 147.

(/usr/local/texlive/2018/texmf-dist/tex/latex/graphics-def/pdftex.def
File: pdftex.def 2018/01/08 v1.0l Graphics/color driver for pdftex
)
(/usr/local/texlive/2018/texmf-dist/tex/latex/graphics/dvipsnam.def
File: dvipsnam.def 2016/06/17 v3.0m Driver-dependent file (DPC,SPQR)
))
(/usr/local/texlive/2018/texmf-dist/tex/latex/graphics/graphicx.sty
Package: graphicx 2017/06/01 v1.1a Enhanced LaTeX Graphics (DPC,SPQR)

(/usr/local/texlive/2018/texmf-dist/tex/latex/graphics/keyval.sty
Package: keyval 2014/10/28 v1.15 key=value parser (DPC)
\KV@toks@=\toks14
)
(/usr/local/texlive/2018/texmf-dist/tex/latex/graphics/graphics.sty
Package: graphics 2017/06/25 v1.2c Standard LaTeX Graphics (DPC,SPQR)

(/usr/local/texlive/2018/texmf-dist/tex/latex/graphics/trig.sty
Package: trig 2016/01/03 v1.10 sin cos tan (DPC)
)
(/usr/local/texlive/2018/texmf-dist/tex/latex/graphics-cfg/graphics.cfg
File: graphics.cfg 2016/06/04 v1.11 sample graphics configuration
)
Package graphics Info: Driver file: pdftex.def on input line 99.
)
\Gin@req@height=\dimen102
\Gin@req@width=\dimen103
)
(/usr/local/texlive/2018/texmf-dist/tex/latex/tools/calc.sty
Package: calc 2017/05/25 v4.3 Infix arithmetic (KKT,FJ)
\calc@Acount=\count80
\calc@Bcount=\count81
\calc@Adimen=\dimen104
\calc@Bdimen=\dimen105
\calc@Askip=\skip41
\calc@Bskip=\skip42
LaTeX Info: Redefining \setlength on input line 80.
LaTeX Info: Redefining \addtolength on input line 81.
\calc@Ccount=\count82
\calc@Cskip=\skip43
)
(/usr/local/texlive/2018/texmf-dist/tex/latex/amsfonts/amssymb.sty
Package: amssymb 2013/01/14 v3.01 AMS font symbols

(/usr/local/texlive/2018/texmf-dist/tex/latex/amsfonts/amsfonts.sty
Package: amsfonts 2013/01/14 v3.01 Basic AMSFonts support
\@emptytoks=\toks15
\symAMSa=\mathgroup4
\symAMSb=\mathgroup5
LaTeX Font Info:    Overwriting math alphabet `\mathfrak' in version `bold'
(Font)                  U/euf/m/n --> U/euf/b/n on input line 106.
))
(/usr/local/texlive/2018/texmf-dist/tex/latex/amsmath/amsmath.sty
Package: amsmath 2017/09/02 v2.17a AMS math features
\@mathmargin=\skip44

For additional information on amsmath, use the `?' option.
(/usr/local/texlive/2018/texmf-dist/tex/latex/amsmath/amstext.sty
Package: amstext 2000/06/29 v2.01 AMS text

(/usr/local/texlive/2018/texmf-dist/tex/latex/amsmath/amsgen.sty
File: amsgen.sty 1999/11/30 v2.0 generic functions
\@emptytoks=\toks16
\ex@=\dimen106
))
(/usr/local/texlive/2018/texmf-dist/tex/latex/amsmath/amsbsy.sty
Package: amsbsy 1999/11/29 v1.2d Bold Symbols
\pmbraise@=\dimen107
)
(/usr/local/texlive/2018/texmf-dist/tex/latex/amsmath/amsopn.sty
Package: amsopn 2016/03/08 v2.02 operator names
)
\inf@bad=\count83
LaTeX Info: Redefining \frac on input line 213.
\uproot@=\count84
\leftroot@=\count85
LaTeX Info: Redefining \overline on input line 375.
\classnum@=\count86
\DOTSCASE@=\count87
LaTeX Info: Redefining \ldots on input line 472.
LaTeX Info: Redefining \dots on input line 475.
LaTeX Info: Redefining \cdots on input line 596.
\Mathstrutbox@=\box26
\strutbox@=\box27
\big@size=\dimen108
LaTeX Font Info:    Redeclaring font encoding OML on input line 712.
LaTeX Font Info:    Redeclaring font encoding OMS on input line 713.
\macc@depth=\count88
\c@MaxMatrixCols=\count89
\dotsspace@=\muskip10
\c@parentequation=\count90
\dspbrk@lvl=\count91
\tag@help=\toks17
\row@=\count92
\column@=\count93
\maxfields@=\count94
\andhelp@=\toks18
\eqnshift@=\dimen109
\alignsep@=\dimen110
\tagshift@=\dimen111
\tagwidth@=\dimen112
\totwidth@=\dimen113
\lineht@=\dimen114
\@envbody=\toks19
\multlinegap=\skip45
\multlinetaggap=\skip46
\mathdisplay@stack=\toks20
LaTeX Info: Redefining \[ on input line 2817.
LaTeX Info: Redefining \] on input line 2818.
)
(/usr/local/texlive/2018/texmf-dist/tex/latex/hyperref/hyperref.sty
Package: hyperref 2018/02/06 v6.86b Hypertext links for LaTeX

(/usr/local/texlive/2018/texmf-dist/tex/generic/oberdiek/hobsub-hyperref.sty
Package: hobsub-hyperref 2016/05/16 v1.14 Bundle oberdiek, subset hyperref (HO)


(/usr/local/texlive/2018/texmf-dist/tex/generic/oberdiek/hobsub-generic.sty
Package: hobsub-generic 2016/05/16 v1.14 Bundle oberdiek, subset generic (HO)
Package: hobsub 2016/05/16 v1.14 Construct package bundles (HO)
Package: infwarerr 2016/05/16 v1.4 Providing info/warning/error messages (HO)
Package: ltxcmds 2016/05/16 v1.23 LaTeX kernel commands for general use (HO)
Package: ifluatex 2016/05/16 v1.4 Provides the ifluatex switch (HO)
Package ifluatex Info: LuaTeX not detected.
Package: ifvtex 2016/05/16 v1.6 Detect VTeX and its facilities (HO)
Package ifvtex Info: VTeX not detected.
Package: intcalc 2016/05/16 v1.2 Expandable calculations with integers (HO)
Package: ifpdf 2017/03/15 v3.2 Provides the ifpdf switch
Package: etexcmds 2016/05/16 v1.6 Avoid name clashes with e-TeX commands (HO)
Package etexcmds Info: Could not find \expanded.
(etexcmds)             That can mean that you are not using pdfTeX 1.50 or
(etexcmds)             that some package has redefined \expanded.
(etexcmds)             In the latter case, load this package earlier.
Package: kvsetkeys 2016/05/16 v1.17 Key value parser (HO)
Package: kvdefinekeys 2016/05/16 v1.4 Define keys (HO)
Package: pdftexcmds 2018/01/30 v0.27 Utility functions of pdfTeX for LuaTeX (HO
)
Package pdftexcmds Info: LuaTeX not detected.
Package pdftexcmds Info: \pdf@primitive is available.
Package pdftexcmds Info: \pdf@ifprimitive is available.
Package pdftexcmds Info: \pdfdraftmode found.
Package: pdfescape 2016/05/16 v1.14 Implements pdfTeX's escape features (HO)
Package: bigintcalc 2016/05/16 v1.4 Expandable calculations on big integers (HO
)
Package: bitset 2016/05/16 v1.2 Handle bit-vector datatype (HO)
Package: uniquecounter 2016/05/16 v1.3 Provide unlimited unique counter (HO)
)
Package hobsub Info: Skipping package `hobsub' (already loaded).
Package: letltxmacro 2016/05/16 v1.5 Let assignment for LaTeX macros (HO)
Package: hopatch 2016/05/16 v1.3 Wrapper for package hooks (HO)
Package: xcolor-patch 2016/05/16 xcolor patch
Package: atveryend 2016/05/16 v1.9 Hooks at the very end of document (HO)
Package atveryend Info: \enddocument detected (standard20110627).
Package: atbegshi 2016/06/09 v1.18 At begin shipout hook (HO)
Package: refcount 2016/05/16 v3.5 Data extraction from label references (HO)
Package: hycolor 2016/05/16 v1.8 Color options for hyperref/bookmark (HO)
)
(/usr/local/texlive/2018/texmf-dist/tex/generic/ifxetex/ifxetex.sty
Package: ifxetex 2010/09/12 v0.6 Provides ifxetex conditional
)
(/usr/local/texlive/2018/texmf-dist/tex/latex/oberdiek/auxhook.sty
Package: auxhook 2016/05/16 v1.4 Hooks for auxiliary files (HO)
)
(/usr/local/texlive/2018/texmf-dist/tex/latex/oberdiek/kvoptions.sty
Package: kvoptions 2016/05/16 v3.12 Key value format for package options (HO)
)
\@linkdim=\dimen115
\Hy@linkcounter=\count95
\Hy@pagecounter=\count96

(/usr/local/texlive/2018/texmf-dist/tex/latex/hyperref/pd1enc.def
File: pd1enc.def 2018/02/06 v6.86b Hyperref: PDFDocEncoding definition (HO)
Now handling font encoding PD1 ...
... no UTF-8 mapping file for font encoding PD1
)
\Hy@SavedSpaceFactor=\count97

(/usr/local/texlive/2018/texmf-dist/tex/latex/latexconfig/hyperref.cfg
File: hyperref.cfg 2002/06/06 v1.2 hyperref configuration of TeXLive
)
Package hyperref Info: Option `colorlinks' set `true' on input line 4383.
Package hyperref Info: Hyper figures OFF on input line 4509.
Package hyperref Info: Link nesting OFF on input line 4514.
Package hyperref Info: Hyper index ON on input line 4517.
Package hyperref Info: Plain pages OFF on input line 4524.
Package hyperref Info: Backreferencing OFF on input line 4529.
Package hyperref Info: Implicit mode ON; LaTeX internals redefined.
Package hyperref Info: Bookmarks ON on input line 4762.
\c@Hy@tempcnt=\count98

(/usr/local/texlive/2018/texmf-dist/tex/latex/url/url.sty
\Urlmuskip=\muskip11
Package: url 2013/09/16  ver 3.4  Verb mode for urls, etc.
)
LaTeX Info: Redefining \url on input line 5115.
\XeTeXLinkMargin=\dimen116
\Fld@menulength=\count99
\Field@Width=\dimen117
\Fld@charsize=\dimen118
Package hyperref Info: Hyper figures OFF on input line 6369.
Package hyperref Info: Link nesting OFF on input line 6374.
Package hyperref Info: Hyper index ON on input line 6377.
Package hyperref Info: backreferencing OFF on input line 6384.
Package hyperref Info: Link coloring ON on input line 6387.
Package hyperref Info: Link coloring with OCG OFF on input line 6394.
Package hyperref Info: PDF/A mode OFF on input line 6399.
LaTeX Info: Redefining \ref on input line 6439.
LaTeX Info: Redefining \pageref on input line 6443.


Package hyperref Warning: Option `pdfpagelabels' is turned off
(hyperref)                because \thepage is undefined.

\c@Item=\count100
\c@Hfootnote=\count101
)
Package hyperref Info: Driver (autodetected): hpdftex.
 (/usr/local/texlive/2018/texmf-dist/tex/latex/hyperref/hpdftex.def
File: hpdftex.def 2018/02/06 v6.86b Hyperref driver for pdfTeX
\Fld@listcount=\count102
\c@bookmark@seq@number=\count103

(/usr/local/texlive/2018/texmf-dist/tex/latex/oberdiek/rerunfilecheck.sty
Package: rerunfilecheck 2016/05/16 v1.8 Rerun checks for auxiliary files (HO)
Package uniquecounter Info: New unique counter `rerunfilecheck' on input line 2
82.
)
\Hy@SectionHShift=\skip47
)

 Thanks for using pfuef v2.0
 Send comments to reinhard.furrer@math.uzh.ch
\hfleftmargin=\dimen119
\hfrightmargin=\dimen120
\srightmargin=\dimen121
\stopmargin=\dimen122
\sbottommargin=\dimen123
\hfwidth=\dimen124
\hftitlemargin=\dimen125
\footerimagewidth=\dimen126
\headerimageheight=\dimen127
\footerimageheight=\dimen128

LaTeX Font Warning: Font shape `OT1/cmr/m/n' in size <19.907> not available
(Font)              size <20.74> substituted on input line 209.

\c@mv@invisible=\count104
LaTeX Font Info:    Overwriting symbol font `operators' in version `normal'
(Font)                  OT1/cmr/m/n --> OT1/lcmss/m/n on input line 292.
LaTeX Font Info:    Overwriting symbol font `letters' in version `normal'
(Font)                  OML/cmm/m/it --> OML/lcmm/m/it on input line 294.
LaTeX Font Info:    Overwriting symbol font `symbols' in version `normal'
(Font)                  OMS/cmsy/m/n --> OMS/lcmsy/m/n on input line 296.
LaTeX Font Info:    Overwriting symbol font `largesymbols' in version `normal'
(Font)                  OMX/cmex/m/n --> OMX/lcmex/m/n on input line 298.
LaTeX Font Info:    Overwriting symbol font `operators' in version `invisible'
(Font)                  OT1/cmr/m/n --> OT1/lcmss/m/In on input line 300.
LaTeX Font Info:    Overwriting symbol font `letters' in version `invisible'
(Font)                  OML/cmm/m/it --> OML/lcmm/m/Iit on input line 302.
LaTeX Font Info:    Overwriting symbol font `symbols' in version `invisible'
(Font)                  OMS/cmsy/m/n --> OMS/lcmsy/m/In on input line 304.
LaTeX Font Info:    Overwriting symbol font `largesymbols' in version `invisibl
e'
(Font)                  OMX/cmex/m/n --> OMX/lcmex/m/In on input line 306.
\p@uses@vebox=\box28
\p@uses@veoutput=\toks21
\c@slideno=\count105
\ppnr=\count106
\dotnr=\count107
\wppr=\box29
Color table ain't available.
Standard math macros are not available.
\GPT@outputbox=\box30
) (/usr/local/texlive/2018/texmf-dist/tex/latex/tools/verbatim.sty
Package: verbatim 2014/10/28 v1.5q LaTeX2e package for verbatim enhancements
\every@verbatim=\toks22
\verbatim@line=\toks23
\verbatim@in@stream=\read1
)
No auxiliary output files.

(/Users/nychka/Dropbox/Home/Tex/ColorsFromR.tex
Package color Info: Redefining color white on input line 8.
Package color Info: Redefining color black on input line 31.
Package color Info: Redefining color blue on input line 33.
Package color Info: Redefining color cyan on input line 75.
Package color Info: Redefining color gray30 on input line 190.
Package color Info: Redefining color gray50 on input line 210.
Package color Info: Redefining color gray60 on input line 220.
Package color Info: Redefining color gray80 on input line 240.
Package color Info: Redefining color green on input line 261.
Package color Info: Redefining color khaki on input line 389.
Package color Info: Redefining color magenta on input line 457.
Package color Info: Redefining color red on input line 559.
Package color Info: Redefining color yellow on input line 659.
)
(/Users/nychka/Dropbox/Home/Tex/NychkaStuff.tex)
No file SARCarpentryJSM2019.aux.
LaTeX Font Info:    Checking defaults for OML/cmm/m/it on input line 29.
LaTeX Font Info:    ... okay on input line 29.
LaTeX Font Info:    Checking defaults for T1/cmr/m/n on input line 29.
LaTeX Font Info:    ... okay on input line 29.
LaTeX Font Info:    Checking defaults for OT1/cmr/m/n on input line 29.
LaTeX Font Info:    ... okay on input line 29.
LaTeX Font Info:    Checking defaults for OMS/cmsy/m/n on input line 29.
LaTeX Font Info:    ... okay on input line 29.
LaTeX Font Info:    Checking defaults for OMX/cmex/m/n on input line 29.
LaTeX Font Info:    ... okay on input line 29.
LaTeX Font Info:    Checking defaults for U/cmr/m/n on input line 29.
LaTeX Font Info:    ... okay on input line 29.
LaTeX Font Info:    Checking defaults for PD1/pdf/m/n on input line 29.
LaTeX Font Info:    ... okay on input line 29.
LaTeX Font Info:    Try loading font information for OT1+lcmss on input line 29
.
(/usr/local/texlive/2018/texmf-dist/tex/latex/base/ot1lcmss.fd
File: ot1lcmss.fd 1998/06/12 v2.2e Standard LaTeX slide font definitions
)
(/usr/local/texlive/2018/texmf-dist/tex/context/base/mkii/supp-pdf.mkii
[Loading MPS to PDF converter (version 2006.09.02).]
\scratchcounter=\count108
\scratchdimen=\dimen129
\scratchbox=\box31
\nofMPsegments=\count109
\nofMParguments=\count110
\everyMPshowfont=\toks24
\MPscratchCnt=\count111
\MPscratchDim=\dimen130
\MPnumerator=\count112
\makeMPintoPDFobject=\count113
\everyMPtoPDFconversion=\toks25
) (/usr/local/texlive/2018/texmf-dist/tex/latex/oberdiek/epstopdf-base.sty
Package: epstopdf-base 2016/05/15 v2.6 Base part for package epstopdf

(/usr/local/texlive/2018/texmf-dist/tex/latex/oberdiek/grfext.sty
Package: grfext 2016/05/16 v1.2 Manage graphics extensions (HO)
)
Package epstopdf-base Info: Redefining graphics rule for `.eps' on input line 4
38.
Package grfext Info: Graphics extension search list:
(grfext)             [.pdf,.png,.jpg,.eps]
(grfext)             \AppendGraphicsExtensions on input line 456.

(/usr/local/texlive/2018/texmf-dist/tex/latex/latexconfig/epstopdf-sys.cfg
File: epstopdf-sys.cfg 2010/07/13 v1.3 Configuration of (r)epstopdf for TeX Liv
e
))
\AtBeginShipoutBox=\box32
Package hyperref Info: Link coloring ON on input line 29.

(/usr/local/texlive/2018/texmf-dist/tex/latex/hyperref/nameref.sty
Package: nameref 2016/05/21 v2.44 Cross-referencing by name of section

(/usr/local/texlive/2018/texmf-dist/tex/generic/oberdiek/gettitlestring.sty
Package: gettitlestring 2016/05/16 v1.5 Cleanup title references (HO)
)
\c@section@level=\count114
)
LaTeX Info: Redefining \ref on input line 29.
LaTeX Info: Redefining \pageref on input line 29.
LaTeX Info: Redefining \nameref on input line 29.
</Users/nychka/Dropbox/Home/Tex/pfuef/p5figures/sky2.jpg, id=4, 774.895pt x 612
.2875pt>
File: /Users/nychka/Dropbox/Home/Tex/pfuef/p5figures/sky2.jpg Graphic file (typ
e jpg)
<use /Users/nychka/Dropbox/Home/Tex/pfuef/p5figures/sky2.jpg>
Package pdftex.def Info: /Users/nychka/Dropbox/Home/Tex/pfuef/p5figures/sky2.jp
g  used on input line 31.
(pdftex.def)             Requested size: 796.68462pt x 597.53381pt.
</Users/nychka/Dropbox/Home/Tex/pfuef/p5figures/BearPk.jpg, id=5, 2055.68pt x 1
541.76pt>
File: /Users/nychka/Dropbox/Home/Tex/pfuef/p5figures/BearPk.jpg Graphic file (t
ype jpg)
<use /Users/nychka/Dropbox/Home/Tex/pfuef/p5figures/BearPk.jpg>
Package pdftex.def Info: /Users/nychka/Dropbox/Home/Tex/pfuef/p5figures/BearPk.
jpg  used on input line 47.
(pdftex.def)             Requested size: 385.43906pt x 289.07999pt.
</Users/nychka/Dropbox/Home/Tex/MinesTriangle.pdf, id=6, 80.31569pt x 79.57953p
t>
File: /Users/nychka/Dropbox/Home/Tex/MinesTriangle.pdf Graphic file (type pdf)
<use /Users/nychka/Dropbox/Home/Tex/MinesTriangle.pdf>
Package pdftex.def Info: /Users/nychka/Dropbox/Home/Tex/MinesTriangle.pdf  used
 on input line 60.
(pdftex.def)             Requested size: 32.52127pt x 32.22345pt.
LaTeX Font Info:    Try loading font information for OML+lcmm on input line 60.


(/usr/local/texlive/2018/texmf-dist/tex/latex/base/omllcmm.fd
File: omllcmm.fd 1998/06/12 v2.2e Standard LaTeX slide font definitions
)
LaTeX Font Info:    Try loading font information for OMS+lcmsy on input line 60
.

(/usr/local/texlive/2018/texmf-dist/tex/latex/base/omslcmsy.fd
File: omslcmsy.fd 1998/06/12 v2.2e Standard LaTeX slide font definitions
)
LaTeX Font Info:    Try loading font information for OMX+lcmex on input line 60
.

(/usr/local/texlive/2018/texmf-dist/tex/latex/base/omxlcmex.fd
File: omxlcmex.fd 1998/06/12 v2.2e Standard LaTeX slide font definitions
)
LaTeX Font Info:    External font `cmex10 at17.28pt' loaded for size
(Font)              <19.907> on input line 60.
LaTeX Font Info:    External font `cmex10 at17.28pt' loaded for size
(Font)              <16.59> on input line 60.
LaTeX Font Info:    External font `cmex10 at17.28pt' loaded for size
(Font)              <13.82> on input line 60.
LaTeX Font Info:    Try loading font information for U+msa on input line 60.

(/usr/local/texlive/2018/texmf-dist/tex/latex/amsfonts/umsa.fd
File: umsa.fd 2013/01/14 v3.01 AMS symbols A
)
LaTeX Font Info:    Try loading font information for U+msb on input line 60.

(/usr/local/texlive/2018/texmf-dist/tex/latex/amsfonts/umsb.fd
File: umsb.fd 2013/01/14 v3.01 AMS symbols B
)
Underfull \hbox (badness 10000) in paragraph at lines 34--61

 []


Underfull \hbox (badness 10000) in paragraph at lines 34--61

 []


Underfull \hbox (badness 10000) in paragraph at lines 34--61

 []


Overfull \hbox (24.88203pt too wide) in paragraph at lines 34--61
[][][][][][] 
 []

[1{/usr/local/texlive/2018/texmf-var/fonts/map/pdftex/updmap/pdftex.map} </User
s/nychka/Dropbox/Home/Tex/pfuef/p5figures/sky2.jpg> </Users/nychka/Dropbox/Home
/Tex/pfuef/p5figures/BearPk.jpg> </Users/nychka/Dropbox/Home/Tex/MinesTriangle.
pdf>]
File: /Users/nychka/Dropbox/Home/Tex/pfuef/p5figures/sky2.jpg Graphic file (typ
e jpg)
<use /Users/nychka/Dropbox/Home/Tex/pfuef/p5figures/sky2.jpg>
Package pdftex.def Info: /Users/nychka/Dropbox/Home/Tex/pfuef/p5figures/sky2.jp
g  used on input line 67.
(pdftex.def)             Requested size: 796.68462pt x 597.53381pt.
File: /Users/nychka/Dropbox/Home/Tex/MinesTriangle.pdf Graphic file (type pdf)
<use /Users/nychka/Dropbox/Home/Tex/MinesTriangle.pdf>
Package pdftex.def Info: /Users/nychka/Dropbox/Home/Tex/MinesTriangle.pdf  used
 on input line 67.
(pdftex.def)             Requested size: 18.06749pt x 17.90097pt.
pdfTeX warning (ext4): destination with the same identifier (name{page.}) has b
een already used, duplicate ignored
<to be read again> 
                   \relax 
l.77 \slide{Credits}
                     [1

]
File: /Users/nychka/Dropbox/Home/Tex/pfuef/p5figures/sky2.jpg Graphic file (typ
e jpg)
<use /Users/nychka/Dropbox/Home/Tex/pfuef/p5figures/sky2.jpg>
Package pdftex.def Info: /Users/nychka/Dropbox/Home/Tex/pfuef/p5figures/sky2.jp
g  used on input line 77.
(pdftex.def)             Requested size: 796.68462pt x 597.53381pt.
File: /Users/nychka/Dropbox/Home/Tex/MinesTriangle.pdf Graphic file (type pdf)
<use /Users/nychka/Dropbox/Home/Tex/MinesTriangle.pdf>
Package pdftex.def Info: /Users/nychka/Dropbox/Home/Tex/MinesTriangle.pdf  used
 on input line 77.
(pdftex.def)             Requested size: 18.06749pt x 17.90097pt.
LaTeX Font Info:    External font `cmex10 at17.28pt' loaded for size
(Font)              <28.66> on input line 79.
LaTeX Font Info:    External font `cmex10 at17.28pt' loaded for size
(Font)              <23.89> on input line 79.

Underfull \hbox (badness 10000) in paragraph at lines 79--81

 []

pdfTeX warning (ext4): destination with the same identifier (name{page.}) has b
een already used, duplicate ignored
<to be read again> 
                   \relax 
l.86 \slide{PART 1}
                    [2]
File: /Users/nychka/Dropbox/Home/Tex/pfuef/p5figures/sky2.jpg Graphic file (typ
e jpg)
<use /Users/nychka/Dropbox/Home/Tex/pfuef/p5figures/sky2.jpg>
Package pdftex.def Info: /Users/nychka/Dropbox/Home/Tex/pfuef/p5figures/sky2.jp
g  used on input line 86.
(pdftex.def)             Requested size: 796.68462pt x 597.53381pt.
File: /Users/nychka/Dropbox/Home/Tex/MinesTriangle.pdf Graphic file (type pdf)
<use /Users/nychka/Dropbox/Home/Tex/MinesTriangle.pdf>
Package pdftex.def Info: /Users/nychka/Dropbox/Home/Tex/MinesTriangle.pdf  used
 on input line 86.
(pdftex.def)             Requested size: 18.06749pt x 17.90097pt.

Underfull \hbox (badness 10000) in paragraph at lines 87--89

 []

pdfTeX warning (ext4): destination with the same identifier (name{page.}) has b
een already used, duplicate ignored
<to be read again> 
                   \relax 
l.94 \slide{Future climate}
                            [3]
File: /Users/nychka/Dropbox/Home/Tex/pfuef/p5figures/sky2.jpg Graphic file (typ
e jpg)
<use /Users/nychka/Dropbox/Home/Tex/pfuef/p5figures/sky2.jpg>
Package pdftex.def Info: /Users/nychka/Dropbox/Home/Tex/pfuef/p5figures/sky2.jp
g  used on input line 94.
(pdftex.def)             Requested size: 796.68462pt x 597.53381pt.
File: /Users/nychka/Dropbox/Home/Tex/MinesTriangle.pdf Graphic file (type pdf)
<use /Users/nychka/Dropbox/Home/Tex/MinesTriangle.pdf>
Package pdftex.def Info: /Users/nychka/Dropbox/Home/Tex/MinesTriangle.pdf  used
 on input line 94.
(pdftex.def)             Requested size: 18.06749pt x 17.90097pt.

Underfull \hbox (badness 10000) in paragraph at lines 95--97

 []

pdfTeX warning (ext4): destination with the same identifier (name{page.}) has b
een already used, duplicate ignored
<to be read again> 
                   \relax 
l.107  \slide{Simulated JJA Temperature}
                                         [4]
File: /Users/nychka/Dropbox/Home/Tex/pfuef/p5figures/sky2.jpg Graphic file (typ
e jpg)
<use /Users/nychka/Dropbox/Home/Tex/pfuef/p5figures/sky2.jpg>
Package pdftex.def Info: /Users/nychka/Dropbox/Home/Tex/pfuef/p5figures/sky2.jp
g  used on input line 107.
(pdftex.def)             Requested size: 796.68462pt x 597.53381pt.
File: /Users/nychka/Dropbox/Home/Tex/MinesTriangle.pdf Graphic file (type pdf)
<use /Users/nychka/Dropbox/Home/Tex/MinesTriangle.pdf>
Package pdftex.def Info: /Users/nychka/Dropbox/Home/Tex/MinesTriangle.pdf  used
 on input line 107.
(pdftex.def)             Requested size: 18.06749pt x 17.90097pt.
</Users/nychka/Home/Projects/BRACEData/pix/BoulderEx1A.pdf, id=36, 505.89pt x 5
05.89pt>
File: /Users/nychka/Home/Projects/BRACEData/pix/BoulderEx1A.pdf Graphic file (t
ype pdf)
<use /Users/nychka/Home/Projects/BRACEData/pix/BoulderEx1A.pdf>
Package pdftex.def Info: /Users/nychka/Home/Projects/BRACEData/pix/BoulderEx1A.
pdf  used on input line 112.
(pdftex.def)             Requested size: 289.07999pt x 289.08589pt.
</Users/nychka/Home/Projects/BRACEData/pix/BoulderEx1B.pdf, id=37, 433.62pt x 4
33.62pt>
File: /Users/nychka/Home/Projects/BRACEData/pix/BoulderEx1B.pdf Graphic file (t
ype pdf)
<use /Users/nychka/Home/Projects/BRACEData/pix/BoulderEx1B.pdf>
Package pdftex.def Info: /Users/nychka/Home/Projects/BRACEData/pix/BoulderEx1B.
pdf  used on input line 114.
(pdftex.def)             Requested size: 289.07999pt x 289.09473pt.
pdfTeX warning (ext4): destination with the same identifier (name{page.}) has b
een already used, duplicate ignored
<to be read again> 
                   \relax 
l.116 \slide{First and second ensemble member}
                                               [5 </Users/nychka/Home/Projects/
BRACEData/pix/BoulderEx1A.pdf> </Users/nychka/Home/Projects/BRACEData/pix/Bould
erEx1B.pdf>]
File: /Users/nychka/Dropbox/Home/Tex/pfuef/p5figures/sky2.jpg Graphic file (typ
e jpg)
<use /Users/nychka/Dropbox/Home/Tex/pfuef/p5figures/sky2.jpg>
Package pdftex.def Info: /Users/nychka/Dropbox/Home/Tex/pfuef/p5figures/sky2.jp
g  used on input line 116.
(pdftex.def)             Requested size: 796.68462pt x 597.53381pt.
File: /Users/nychka/Dropbox/Home/Tex/MinesTriangle.pdf Graphic file (type pdf)
<use /Users/nychka/Dropbox/Home/Tex/MinesTriangle.pdf>
Package pdftex.def Info: /Users/nychka/Dropbox/Home/Tex/MinesTriangle.pdf  used
 on input line 116.
(pdftex.def)             Requested size: 18.06749pt x 17.90097pt.
</Users/nychka/Home/Projects/BRACEData/pix/BoulderEx2B.pdf, id=53, 433.62pt x 4
33.62pt>
File: /Users/nychka/Home/Projects/BRACEData/pix/BoulderEx2B.pdf Graphic file (t
ype pdf)
<use /Users/nychka/Home/Projects/BRACEData/pix/BoulderEx2B.pdf>
Package pdftex.def Info: /Users/nychka/Home/Projects/BRACEData/pix/BoulderEx2B.
pdf  used on input line 117.
(pdftex.def)             Requested size: 289.07999pt x 289.09473pt.
pdfTeX warning (ext4): destination with the same identifier (name{page.}) has b
een already used, duplicate ignored
<to be read again> 
                   \relax 
l.121 \slide{Mean scaling pattern}
                                   [6 </Users/nychka/Home/Projects/BRACEData/pi
x/BoulderEx2B.pdf>]
File: /Users/nychka/Dropbox/Home/Tex/pfuef/p5figures/sky2.jpg Graphic file (typ
e jpg)
<use /Users/nychka/Dropbox/Home/Tex/pfuef/p5figures/sky2.jpg>
Package pdftex.def Info: /Users/nychka/Dropbox/Home/Tex/pfuef/p5figures/sky2.jp
g  used on input line 121.
(pdftex.def)             Requested size: 796.68462pt x 597.53381pt.
File: /Users/nychka/Dropbox/Home/Tex/MinesTriangle.pdf Graphic file (type pdf)
<use /Users/nychka/Dropbox/Home/Tex/MinesTriangle.pdf>
Package pdftex.def Info: /Users/nychka/Dropbox/Home/Tex/MinesTriangle.pdf  used
 on input line 121.
(pdftex.def)             Requested size: 18.06749pt x 17.90097pt.
</Users/nychka/Dropbox/Home/Projects.OLD/BRACEspatialYS/pix/figMean.png, id=64,
 1204.5pt x 602.25pt>
File: /Users/nychka/Dropbox/Home/Projects.OLD/BRACEspatialYS/pix/figMean.png Gr
aphic file (type png)
<use /Users/nychka/Dropbox/Home/Projects.OLD/BRACEspatialYS/pix/figMean.png>
Package pdftex.def Info: /Users/nychka/Dropbox/Home/Projects.OLD/BRACEspatialYS
/pix/figMean.png  used on input line 124.
(pdftex.def)             Requested size: 505.89pt x 252.94327pt.
pdfTeX warning (ext4): destination with the same identifier (name{page.}) has b
een already used, duplicate ignored
<to be read again> 
                   \relax 
l.131  \slide{Individual patterns}
                                   [7 </Users/nychka/Dropbox/Home/Projects.OLD/
BRACEspatialYS/pix/figMean.png>]
File: /Users/nychka/Dropbox/Home/Tex/pfuef/p5figures/sky2.jpg Graphic file (typ
e jpg)
<use /Users/nychka/Dropbox/Home/Tex/pfuef/p5figures/sky2.jpg>
Package pdftex.def Info: /Users/nychka/Dropbox/Home/Tex/pfuef/p5figures/sky2.jp
g  used on input line 131.
(pdftex.def)             Requested size: 796.68462pt x 597.53381pt.
File: /Users/nychka/Dropbox/Home/Tex/MinesTriangle.pdf Graphic file (type pdf)
<use /Users/nychka/Dropbox/Home/Tex/MinesTriangle.pdf>
Package pdftex.def Info: /Users/nychka/Dropbox/Home/Tex/MinesTriangle.pdf  used
 on input line 131.
(pdftex.def)             Requested size: 18.06749pt x 17.90097pt.
File: /Users/nychka/Dropbox/Home/Projects.OLD/BRACEspatialYS/pix/figMean.png Gr
aphic file (type png)
<use /Users/nychka/Dropbox/Home/Projects.OLD/BRACEspatialYS/pix/figMean.png>
Package pdftex.def Info: /Users/nychka/Dropbox/Home/Projects.OLD/BRACEspatialYS
/pix/figMean.png  used on input line 135.
(pdftex.def)             Requested size: 216.81pt x 108.40031pt.
</Users/nychka/Dropbox/Home/Projects.OLD/BRACEspatialYS/pix/figUfield.pdf, id=7
1, 578.16pt x 433.62pt>
File: /Users/nychka/Dropbox/Home/Projects.OLD/BRACEspatialYS/pix/figUfield.pdf 
Graphic file (type pdf)
<use /Users/nychka/Dropbox/Home/Projects.OLD/BRACEspatialYS/pix/figUfield.pdf>
Package pdftex.def Info: /Users/nychka/Dropbox/Home/Projects.OLD/BRACEspatialYS
/pix/figUfield.pdf  used on input line 140.
(pdftex.def)             Requested size: 361.34999pt x 271.01183pt.

Underfull \hbox (badness 10000) in paragraph at lines 139--141

 []


Overfull \hbox (3.82257pt too wide) in paragraph at lines 132--147
[][] [] 
 []


Underfull \hbox (badness 10000) in paragraph at lines 132--147

 []

pdfTeX warning (ext4): destination with the same identifier (name{page.}) has b
een already used, duplicate ignored
<to be read again> 
                   \relax 
l.148 \slide{}
               [8 </Users/nychka/Dropbox/Home/Projects.OLD/BRACEspatialYS/pix/f
igUfield.pdf>]
File: /Users/nychka/Dropbox/Home/Tex/pfuef/p5figures/sky2.jpg Graphic file (typ
e jpg)
<use /Users/nychka/Dropbox/Home/Tex/pfuef/p5figures/sky2.jpg>
Package pdftex.def Info: /Users/nychka/Dropbox/Home/Tex/pfuef/p5figures/sky2.jp
g  used on input line 148.
(pdftex.def)             Requested size: 796.68462pt x 597.53381pt.
File: /Users/nychka/Dropbox/Home/Tex/MinesTriangle.pdf Graphic file (type pdf)
<use /Users/nychka/Dropbox/Home/Tex/MinesTriangle.pdf>
Package pdftex.def Info: /Users/nychka/Dropbox/Home/Tex/MinesTriangle.pdf  used
 on input line 148.
(pdftex.def)             Requested size: 18.06749pt x 17.90097pt.

Underfull \hbox (badness 10000) in paragraph at lines 149--152

 []


Underfull \hbox (badness 10000) in paragraph at lines 149--152

 []

pdfTeX warning (ext4): destination with the same identifier (name{page.}) has b
een already used, duplicate ignored
<to be read again> 
                   \relax 
l.156 \slide{Gaussian process models}
                                      [9]
File: /Users/nychka/Dropbox/Home/Tex/pfuef/p5figures/sky2.jpg Graphic file (typ
e jpg)
<use /Users/nychka/Dropbox/Home/Tex/pfuef/p5figures/sky2.jpg>
Package pdftex.def Info: /Users/nychka/Dropbox/Home/Tex/pfuef/p5figures/sky2.jp
g  used on input line 156.
(pdftex.def)             Requested size: 796.68462pt x 597.53381pt.
File: /Users/nychka/Dropbox/Home/Tex/MinesTriangle.pdf Graphic file (type pdf)
<use /Users/nychka/Dropbox/Home/Tex/MinesTriangle.pdf>
Package pdftex.def Info: /Users/nychka/Dropbox/Home/Tex/MinesTriangle.pdf  used
 on input line 156.
(pdftex.def)             Requested size: 18.06749pt x 17.90097pt.


LaTeX Font Warning: Font shape `OT1/cmr/bx/n' in size <19.907> not available
(Font)              size <20.74> substituted on input line 157.


LaTeX Font Warning: Font shape `OT1/cmr/bx/n' in size <16.59> not available
(Font)              size <17.28> substituted on input line 157.


LaTeX Font Warning: Font shape `OT1/cmr/bx/n' in size <13.82> not available
(Font)              size <14.4> substituted on input line 157.


LaTeX Font Warning: Font shape `OML/cmm/b/it' in size <19.907> not available
(Font)              size <20.74> substituted on input line 157.


LaTeX Font Warning: Font shape `OML/cmm/b/it' in size <16.59> not available
(Font)              size <17.28> substituted on input line 157.


LaTeX Font Warning: Font shape `OML/cmm/b/it' in size <13.82> not available
(Font)              size <14.4> substituted on input line 157.


LaTeX Font Warning: Font shape `OMS/cmsy/b/n' in size <19.907> not available
(Font)              size <20.74> substituted on input line 157.


LaTeX Font Warning: Font shape `OMS/cmsy/b/n' in size <16.59> not available
(Font)              size <17.28> substituted on input line 157.


LaTeX Font Warning: Font shape `OMS/cmsy/b/n' in size <13.82> not available
(Font)              size <14.4> substituted on input line 157.

pdfTeX warning (ext4): destination with the same identifier (name{page.}) has b
een already used, duplicate ignored
<to be read again> 
                   \relax 
l.170 \slide{Nonstationary covariance functions}
                                                 [10]
File: /Users/nychka/Dropbox/Home/Tex/pfuef/p5figures/sky2.jpg Graphic file (typ
e jpg)
<use /Users/nychka/Dropbox/Home/Tex/pfuef/p5figures/sky2.jpg>
Package pdftex.def Info: /Users/nychka/Dropbox/Home/Tex/pfuef/p5figures/sky2.jp
g  used on input line 170.
(pdftex.def)             Requested size: 796.68462pt x 597.53381pt.
File: /Users/nychka/Dropbox/Home/Tex/MinesTriangle.pdf Graphic file (type pdf)
<use /Users/nychka/Dropbox/Home/Tex/MinesTriangle.pdf>
Package pdftex.def Info: /Users/nychka/Dropbox/Home/Tex/MinesTriangle.pdf  used
 on input line 170.
(pdftex.def)             Requested size: 18.06749pt x 17.90097pt.

Underfull \hbox (badness 10000) in paragraph at lines 171--172

 []

pdfTeX warning (ext4): destination with the same identifier (name{page.}) has b
een already used, duplicate ignored
<to be read again> 
                   \relax 
l.186 \slide{}
               [11]
File: /Users/nychka/Dropbox/Home/Tex/pfuef/p5figures/sky2.jpg Graphic file (typ
e jpg)
<use /Users/nychka/Dropbox/Home/Tex/pfuef/p5figures/sky2.jpg>
Package pdftex.def Info: /Users/nychka/Dropbox/Home/Tex/pfuef/p5figures/sky2.jp
g  used on input line 186.
(pdftex.def)             Requested size: 796.68462pt x 597.53381pt.
File: /Users/nychka/Dropbox/Home/Tex/MinesTriangle.pdf Graphic file (type pdf)
<use /Users/nychka/Dropbox/Home/Tex/MinesTriangle.pdf>
Package pdftex.def Info: /Users/nychka/Dropbox/Home/Tex/MinesTriangle.pdf  used
 on input line 186.
(pdftex.def)             Requested size: 18.06749pt x 17.90097pt.
pdfTeX warning (ext4): destination with the same identifier (name{page.}) has b
een already used, duplicate ignored
<to be read again> 
                   \relax 
l.203 \slide{}
               [12]
File: /Users/nychka/Dropbox/Home/Tex/pfuef/p5figures/sky2.jpg Graphic file (typ
e jpg)
<use /Users/nychka/Dropbox/Home/Tex/pfuef/p5figures/sky2.jpg>
Package pdftex.def Info: /Users/nychka/Dropbox/Home/Tex/pfuef/p5figures/sky2.jp
g  used on input line 203.
(pdftex.def)             Requested size: 796.68462pt x 597.53381pt.
File: /Users/nychka/Dropbox/Home/Tex/MinesTriangle.pdf Graphic file (type pdf)
<use /Users/nychka/Dropbox/Home/Tex/MinesTriangle.pdf>
Package pdftex.def Info: /Users/nychka/Dropbox/Home/Tex/MinesTriangle.pdf  used
 on input line 203.
(pdftex.def)             Requested size: 18.06749pt x 17.90097pt.
pdfTeX warning (ext4): destination with the same identifier (name{page.}) has b
een already used, duplicate ignored
<to be read again> 
                   \relax 
l.215 \slide{Our approach}
                           [13]
File: /Users/nychka/Dropbox/Home/Tex/pfuef/p5figures/sky2.jpg Graphic file (typ
e jpg)
<use /Users/nychka/Dropbox/Home/Tex/pfuef/p5figures/sky2.jpg>
Package pdftex.def Info: /Users/nychka/Dropbox/Home/Tex/pfuef/p5figures/sky2.jp
g  used on input line 215.
(pdftex.def)             Requested size: 796.68462pt x 597.53381pt.
File: /Users/nychka/Dropbox/Home/Tex/MinesTriangle.pdf Graphic file (type pdf)
<use /Users/nychka/Dropbox/Home/Tex/MinesTriangle.pdf>
Package pdftex.def Info: /Users/nychka/Dropbox/Home/Tex/MinesTriangle.pdf  used
 on input line 215.
(pdftex.def)             Requested size: 18.06749pt x 17.90097pt.
pdfTeX warning (ext4): destination with the same identifier (name{page.}) has b
een already used, duplicate ignored
<to be read again> 
                   \relax 
l.220 ...tochastic partial differential equations}
                                                   [14]
File: /Users/nychka/Dropbox/Home/Tex/pfuef/p5figures/sky2.jpg Graphic file (typ
e jpg)
<use /Users/nychka/Dropbox/Home/Tex/pfuef/p5figures/sky2.jpg>
Package pdftex.def Info: /Users/nychka/Dropbox/Home/Tex/pfuef/p5figures/sky2.jp
g  used on input line 220.
(pdftex.def)             Requested size: 796.68462pt x 597.53381pt.

Overfull \hbox (14.8513pt too wide) in paragraph at lines 220--220
[]\OT1/lcmss/bx/n/34.4 Stochastic par-tial dif-fer-en-tial equa-tions 
 []

File: /Users/nychka/Dropbox/Home/Tex/MinesTriangle.pdf Graphic file (type pdf)
<use /Users/nychka/Dropbox/Home/Tex/MinesTriangle.pdf>
Package pdftex.def Info: /Users/nychka/Dropbox/Home/Tex/MinesTriangle.pdf  used
 on input line 220.
(pdftex.def)             Requested size: 18.06749pt x 17.90097pt.
pdfTeX warning (ext4): destination with the same identifier (name{page.}) has b
een already used, duplicate ignored
<to be read again> 
                   \relax 
l.235 \slide{Discretizing}
                           [15]
File: /Users/nychka/Dropbox/Home/Tex/pfuef/p5figures/sky2.jpg Graphic file (typ
e jpg)
<use /Users/nychka/Dropbox/Home/Tex/pfuef/p5figures/sky2.jpg>
Package pdftex.def Info: /Users/nychka/Dropbox/Home/Tex/pfuef/p5figures/sky2.jp
g  used on input line 235.
(pdftex.def)             Requested size: 796.68462pt x 597.53381pt.
File: /Users/nychka/Dropbox/Home/Tex/MinesTriangle.pdf Graphic file (type pdf)
<use /Users/nychka/Dropbox/Home/Tex/MinesTriangle.pdf>
Package pdftex.def Info: /Users/nychka/Dropbox/Home/Tex/MinesTriangle.pdf  used
 on input line 235.
(pdftex.def)             Requested size: 18.06749pt x 17.90097pt.
pdfTeX warning (ext4): destination with the same identifier (name{page.}) has b
een already used, duplicate ignored
<to be read again> 
                   \relax 
l.254 \slide{A Spatial Autoregression (SAR)}
                                             [16]
File: /Users/nychka/Dropbox/Home/Tex/pfuef/p5figures/sky2.jpg Graphic file (typ
e jpg)
<use /Users/nychka/Dropbox/Home/Tex/pfuef/p5figures/sky2.jpg>
Package pdftex.def Info: /Users/nychka/Dropbox/Home/Tex/pfuef/p5figures/sky2.jp
g  used on input line 254.
(pdftex.def)             Requested size: 796.68462pt x 597.53381pt.
File: /Users/nychka/Dropbox/Home/Tex/MinesTriangle.pdf Graphic file (type pdf)
<use /Users/nychka/Dropbox/Home/Tex/MinesTriangle.pdf>
Package pdftex.def Info: /Users/nychka/Dropbox/Home/Tex/MinesTriangle.pdf  used
 on input line 254.
(pdftex.def)             Requested size: 18.06749pt x 17.90097pt.


LaTeX Font Warning: Font shape `OT1/cmr/bx/n' in size <23.89> not available
(Font)              size <24.88> substituted on input line 256.


LaTeX Font Warning: Font shape `OML/cmm/b/it' in size <23.89> not available
(Font)              size <24.88> substituted on input line 256.


LaTeX Font Warning: Font shape `OMS/cmsy/b/n' in size <23.89> not available
(Font)              size <24.88> substituted on input line 256.


Overfull \hbox (9.3523pt too wide) in paragraph at lines 255--280
[]$[]$  $[]$ 
 []


LaTeX Font Warning: Font shape `OT1/cmr/bx/n' in size <28.66> not available
(Font)              size <24.88> substituted on input line 285.

pdfTeX warning (ext4): destination with the same identifier (name{page.}) has b
een already used, duplicate ignored
<to be read again> 
                   \relax 
l.296 \slide{Key ideas}
                        [17]
File: /Users/nychka/Dropbox/Home/Tex/pfuef/p5figures/sky2.jpg Graphic file (typ
e jpg)
<use /Users/nychka/Dropbox/Home/Tex/pfuef/p5figures/sky2.jpg>
Package pdftex.def Info: /Users/nychka/Dropbox/Home/Tex/pfuef/p5figures/sky2.jp
g  used on input line 296.
(pdftex.def)             Requested size: 796.68462pt x 597.53381pt.
File: /Users/nychka/Dropbox/Home/Tex/MinesTriangle.pdf Graphic file (type pdf)
<use /Users/nychka/Dropbox/Home/Tex/MinesTriangle.pdf>
Package pdftex.def Info: /Users/nychka/Dropbox/Home/Tex/MinesTriangle.pdf  used
 on input line 296.
(pdftex.def)             Requested size: 18.06749pt x 17.90097pt.


LaTeX Font Warning: Font shape `OML/cmm/b/it' in size <28.66> not available
(Font)              size <24.88> substituted on input line 299.


LaTeX Font Warning: Font shape `OMS/cmsy/b/n' in size <28.66> not available
(Font)              size <24.88> substituted on input line 299.

pdfTeX warning (ext4): destination with the same identifier (name{page.}) has b
een already used, duplicate ignored
<to be read again> 
                   \relax 
l.333 \slide{The Anisotropic  Stencil}
                                       [18]
File: /Users/nychka/Dropbox/Home/Tex/pfuef/p5figures/sky2.jpg Graphic file (typ
e jpg)
<use /Users/nychka/Dropbox/Home/Tex/pfuef/p5figures/sky2.jpg>
Package pdftex.def Info: /Users/nychka/Dropbox/Home/Tex/pfuef/p5figures/sky2.jp
g  used on input line 333.
(pdftex.def)             Requested size: 796.68462pt x 597.53381pt.
File: /Users/nychka/Dropbox/Home/Tex/MinesTriangle.pdf Graphic file (type pdf)
<use /Users/nychka/Dropbox/Home/Tex/MinesTriangle.pdf>
Package pdftex.def Info: /Users/nychka/Dropbox/Home/Tex/MinesTriangle.pdf  used
 on input line 333.
(pdftex.def)             Requested size: 18.06749pt x 17.90097pt.
pdfTeX warning (ext4): destination with the same identifier (name{page.}) has b
een already used, duplicate ignored
<to be read again> 
                   \relax 
l.353 \slide{}
               [19]
File: /Users/nychka/Dropbox/Home/Tex/pfuef/p5figures/sky2.jpg Graphic file (typ
e jpg)
<use /Users/nychka/Dropbox/Home/Tex/pfuef/p5figures/sky2.jpg>
Package pdftex.def Info: /Users/nychka/Dropbox/Home/Tex/pfuef/p5figures/sky2.jp
g  used on input line 353.
(pdftex.def)             Requested size: 796.68462pt x 597.53381pt.
File: /Users/nychka/Dropbox/Home/Tex/MinesTriangle.pdf Graphic file (type pdf)
<use /Users/nychka/Dropbox/Home/Tex/MinesTriangle.pdf>
Package pdftex.def Info: /Users/nychka/Dropbox/Home/Tex/MinesTriangle.pdf  used
 on input line 353.
(pdftex.def)             Requested size: 18.06749pt x 17.90097pt.

Underfull \hbox (badness 10000) in paragraph at lines 354--358

 []


Underfull \hbox (badness 10000) in paragraph at lines 354--358

 []


Underfull \hbox (badness 10000) in paragraph at lines 354--358

 []

pdfTeX warning (ext4): destination with the same identifier (name{page.}) has b
een already used, duplicate ignored
<to be read again> 
                   \relax 
l.358 \slide{}
               [20]
File: /Users/nychka/Dropbox/Home/Tex/pfuef/p5figures/sky2.jpg Graphic file (typ
e jpg)
<use /Users/nychka/Dropbox/Home/Tex/pfuef/p5figures/sky2.jpg>
Package pdftex.def Info: /Users/nychka/Dropbox/Home/Tex/pfuef/p5figures/sky2.jp
g  used on input line 358.
(pdftex.def)             Requested size: 796.68462pt x 597.53381pt.
File: /Users/nychka/Dropbox/Home/Tex/MinesTriangle.pdf Graphic file (type pdf)
<use /Users/nychka/Dropbox/Home/Tex/MinesTriangle.pdf>
Package pdftex.def Info: /Users/nychka/Dropbox/Home/Tex/MinesTriangle.pdf  used
 on input line 358.
(pdftex.def)             Requested size: 18.06749pt x 17.90097pt.
pdfTeX warning (ext4): destination with the same identifier (name{page.}) has b
een already used, duplicate ignored
<to be read again> 
                   \relax 
l.371 \slide{Climate model patterns}
                                     [21]
File: /Users/nychka/Dropbox/Home/Tex/pfuef/p5figures/sky2.jpg Graphic file (typ
e jpg)
<use /Users/nychka/Dropbox/Home/Tex/pfuef/p5figures/sky2.jpg>
Package pdftex.def Info: /Users/nychka/Dropbox/Home/Tex/pfuef/p5figures/sky2.jp
g  used on input line 371.
(pdftex.def)             Requested size: 796.68462pt x 597.53381pt.
File: /Users/nychka/Dropbox/Home/Tex/MinesTriangle.pdf Graphic file (type pdf)
<use /Users/nychka/Dropbox/Home/Tex/MinesTriangle.pdf>
Package pdftex.def Info: /Users/nychka/Dropbox/Home/Tex/MinesTriangle.pdf  used
 on input line 371.
(pdftex.def)             Requested size: 18.06749pt x 17.90097pt.
<pix/Estimates.png, id=124, 1283.79625pt x 594.22pt>
File: pix/Estimates.png Graphic file (type png)
<use pix/Estimates.png>
Package pdftex.def Info: pix/Estimates.png  used on input line 375.
(pdftex.def)             Requested size: 722.7213pt x 252.94363pt.
pdfTeX warning (ext4): destination with the same identifier (name{page.}) has b
een already used, duplicate ignored
<to be read again> 
                   \relax 
l.378 \slide{}
               [22 <./pix/Estimates.png>]
File: /Users/nychka/Dropbox/Home/Tex/pfuef/p5figures/sky2.jpg Graphic file (typ
e jpg)
<use /Users/nychka/Dropbox/Home/Tex/pfuef/p5figures/sky2.jpg>
Package pdftex.def Info: /Users/nychka/Dropbox/Home/Tex/pfuef/p5figures/sky2.jp
g  used on input line 378.
(pdftex.def)             Requested size: 796.68462pt x 597.53381pt.
File: /Users/nychka/Dropbox/Home/Tex/MinesTriangle.pdf Graphic file (type pdf)
<use /Users/nychka/Dropbox/Home/Tex/MinesTriangle.pdf>
Package pdftex.def Info: /Users/nychka/Dropbox/Home/Tex/MinesTriangle.pdf  used
 on input line 378.
(pdftex.def)             Requested size: 18.06749pt x 17.90097pt.

Underfull \hbox (badness 10000) in paragraph at lines 379--384

 []


Underfull \hbox (badness 10000) in paragraph at lines 379--384

 []

pdfTeX warning (ext4): destination with the same identifier (name{page.}) has b
een already used, duplicate ignored
<to be read again> 
                   \relax 
l.385 \slide{Some realizations of the process}
                                               [23]
File: /Users/nychka/Dropbox/Home/Tex/pfuef/p5figures/sky2.jpg Graphic file (typ
e jpg)
<use /Users/nychka/Dropbox/Home/Tex/pfuef/p5figures/sky2.jpg>
Package pdftex.def Info: /Users/nychka/Dropbox/Home/Tex/pfuef/p5figures/sky2.jp
g  used on input line 385.
(pdftex.def)             Requested size: 796.68462pt x 597.53381pt.
File: /Users/nychka/Dropbox/Home/Tex/MinesTriangle.pdf Graphic file (type pdf)
<use /Users/nychka/Dropbox/Home/Tex/MinesTriangle.pdf>
Package pdftex.def Info: /Users/nychka/Dropbox/Home/Tex/MinesTriangle.pdf  used
 on input line 385.
(pdftex.def)             Requested size: 18.06749pt x 17.90097pt.
</Users/nychka/Dropbox/Home/Current_Ms/NonStationaryLocal/nonstationarymodeling
/plots/Simulations.png, id=132, 1068.99374pt x 559.08875pt>
File: /Users/nychka/Dropbox/Home/Current_Ms/NonStationaryLocal/nonstationarymod
eling/plots/Simulations.png Graphic file (type png)
<use /Users/nychka/Dropbox/Home/Current_Ms/NonStationaryLocal/nonstationarymode
ling/plots/Simulations.png>
Package pdftex.def Info: /Users/nychka/Dropbox/Home/Current_Ms/NonStationaryLoc
al/nonstationarymodeling/plots/Simulations.png  used on input line 389.
(pdftex.def)             Requested size: 578.15999pt x 302.38968pt.

Underfull \hbox (badness 10000) in paragraph at lines 387--392

 []

pdfTeX warning (ext4): destination with the same identifier (name{page.}) has b
een already used, duplicate ignored
<to be read again> 
                   \relax 
l.393 \slide{Transforming to white noise}
                                          [24 </Users/nychka/Dropbox/Home/Curre
nt_Ms/NonStationaryLocal/nonstationarymodeling/plots/Simulations.png>]
File: /Users/nychka/Dropbox/Home/Tex/pfuef/p5figures/sky2.jpg Graphic file (typ
e jpg)
<use /Users/nychka/Dropbox/Home/Tex/pfuef/p5figures/sky2.jpg>
Package pdftex.def Info: /Users/nychka/Dropbox/Home/Tex/pfuef/p5figures/sky2.jp
g  used on input line 393.
(pdftex.def)             Requested size: 796.68462pt x 597.53381pt.
File: /Users/nychka/Dropbox/Home/Tex/MinesTriangle.pdf Graphic file (type pdf)
<use /Users/nychka/Dropbox/Home/Tex/MinesTriangle.pdf>
Package pdftex.def Info: /Users/nychka/Dropbox/Home/Tex/MinesTriangle.pdf  used
 on input line 393.
(pdftex.def)             Requested size: 18.06749pt x 17.90097pt.
</Users/nychka/Home/Repositories/NonstationaryCovariances/Manuscripts/plots/Dec
orr0.png, id=138, 574.64688pt x 394.97563pt>
File: /Users/nychka/Home/Repositories/NonstationaryCovariances/Manuscripts/plot
s/Decorr0.png Graphic file (type png)
<use /Users/nychka/Home/Repositories/NonstationaryCovariances/Manuscripts/plots
/Decorr0.png>
Package pdftex.def Info: /Users/nychka/Home/Repositories/NonstationaryCovarianc
es/Manuscripts/plots/Decorr0.png  used on input line 397.
(pdftex.def)             Requested size: 578.15999pt x 397.40346pt.
pdfTeX warning (ext4): destination with the same identifier (name{page.}) has b
een already used, duplicate ignored
<to be read again> 
                   \relax 
l.398 \slide{What is next?}
                            [25 </Users/nychka/Home/Repositories/NonstationaryC
ovariances/Manuscripts/plots/Decorr0.png>]
File: /Users/nychka/Dropbox/Home/Tex/pfuef/p5figures/sky2.jpg Graphic file (typ
e jpg)
<use /Users/nychka/Dropbox/Home/Tex/pfuef/p5figures/sky2.jpg>
Package pdftex.def Info: /Users/nychka/Dropbox/Home/Tex/pfuef/p5figures/sky2.jp
g  used on input line 398.
(pdftex.def)             Requested size: 796.68462pt x 597.53381pt.
File: /Users/nychka/Dropbox/Home/Tex/MinesTriangle.pdf Graphic file (type pdf)
<use /Users/nychka/Dropbox/Home/Tex/MinesTriangle.pdf>
Package pdftex.def Info: /Users/nychka/Dropbox/Home/Tex/MinesTriangle.pdf  used
 on input line 398.
(pdftex.def)             Requested size: 18.06749pt x 17.90097pt.
LaTeX Font Info:    External font `cmex10 at17.28pt' loaded for size
(Font)              <10> on input line 409.
LaTeX Font Info:    External font `cmex10 at17.28pt' loaded for size
(Font)              <7> on input line 409.
pdfTeX warning (ext4): destination with the same identifier (name{page.}) has b
een already used, duplicate ignored
<to be read again> 
                   \relax 
l.424 \slide{}
               [26]
File: /Users/nychka/Dropbox/Home/Tex/pfuef/p5figures/sky2.jpg Graphic file (typ
e jpg)
<use /Users/nychka/Dropbox/Home/Tex/pfuef/p5figures/sky2.jpg>
Package pdftex.def Info: /Users/nychka/Dropbox/Home/Tex/pfuef/p5figures/sky2.jp
g  used on input line 424.
(pdftex.def)             Requested size: 796.68462pt x 597.53381pt.
File: /Users/nychka/Dropbox/Home/Tex/MinesTriangle.pdf Graphic file (type pdf)
<use /Users/nychka/Dropbox/Home/Tex/MinesTriangle.pdf>
Package pdftex.def Info: /Users/nychka/Dropbox/Home/Tex/MinesTriangle.pdf  used
 on input line 424.
(pdftex.def)             Requested size: 18.06749pt x 17.90097pt.
LaTeX Font Info:    Try loading font information for OT1+lcmtt on input line 42
6.

(/usr/local/texlive/2018/texmf-dist/tex/latex/base/ot1lcmtt.fd
File: ot1lcmtt.fd 1998/06/12 v2.2e Standard LaTeX slide font definitions
)
Underfull \hbox (badness 10000) in paragraph at lines 425--429

 []

pdfTeX warning (ext4): destination with the same identifier (name{page.}) has b
een already used, duplicate ignored
<to be read again> 
                   \relax 
l.430 \slide{Background reading}
                                 [27]
File: /Users/nychka/Dropbox/Home/Tex/pfuef/p5figures/sky2.jpg Graphic file (typ
e jpg)
<use /Users/nychka/Dropbox/Home/Tex/pfuef/p5figures/sky2.jpg>
Package pdftex.def Info: /Users/nychka/Dropbox/Home/Tex/pfuef/p5figures/sky2.jp
g  used on input line 430.
(pdftex.def)             Requested size: 796.68462pt x 597.53381pt.
File: /Users/nychka/Dropbox/Home/Tex/MinesTriangle.pdf Graphic file (type pdf)
<use /Users/nychka/Dropbox/Home/Tex/MinesTriangle.pdf>
Package pdftex.def Info: /Users/nychka/Dropbox/Home/Tex/MinesTriangle.pdf  used
 on input line 430.
(pdftex.def)             Requested size: 18.06749pt x 17.90097pt.
pdfTeX warning (ext4): destination with the same identifier (name{page.}) has b
een already used, duplicate ignored
<to be read again> 
                   \relax 
l.452 \slide{Thank you!}
                         [28]
File: /Users/nychka/Dropbox/Home/Tex/pfuef/p5figures/sky2.jpg Graphic file (typ
e jpg)
<use /Users/nychka/Dropbox/Home/Tex/pfuef/p5figures/sky2.jpg>
Package pdftex.def Info: /Users/nychka/Dropbox/Home/Tex/pfuef/p5figures/sky2.jp
g  used on input line 452.
(pdftex.def)             Requested size: 796.68462pt x 597.53381pt.
File: /Users/nychka/Dropbox/Home/Tex/MinesTriangle.pdf Graphic file (type pdf)
<use /Users/nychka/Dropbox/Home/Tex/MinesTriangle.pdf>
Package pdftex.def Info: /Users/nychka/Dropbox/Home/Tex/MinesTriangle.pdf  used
 on input line 452.
(pdftex.def)             Requested size: 18.06749pt x 17.90097pt.
</Users/nychka/Dropbox/Home/Tex/BoulderDI01532.jpg, id=153, 3514.12875pt x 1320
.935pt>
File: /Users/nychka/Dropbox/Home/Tex/BoulderDI01532.jpg Graphic file (type jpg)

<use /Users/nychka/Dropbox/Home/Tex/BoulderDI01532.jpg>
Package pdftex.def Info: /Users/nychka/Dropbox/Home/Tex/BoulderDI01532.jpg  use
d on input line 455.
(pdftex.def)             Requested size: 576.74983pt x 216.81pt.
Package atveryend Info: Empty hook `BeforeClearDocument' on input line 468.
pdfTeX warning (ext4): destination with the same identifier (name{page.}) has b
een already used, duplicate ignored
<to be read again> 
                   \relax 
l.468 \end{document}
                     [29 </Users/nychka/Dropbox/Home/Tex/BoulderDI01532.jpg>]
Package atveryend Info: Empty hook `AfterLastShipout' on input line 468.
Package atveryend Info: Empty hook `AtVeryEndDocument' on input line 468.
Package atveryend Info: Empty hook `AtEndAfterFileList' on input line 468.


LaTeX Font Warning: Size substitutions with differences
(Font)              up to 3.78pt have occurred.

Package atveryend Info: Empty hook `AtVeryVeryEnd' on input line 468.
 )
(\end occurred inside a group at level 1)

### simple group (level 1) entered at line 282 ({)
### bottom level 
Here is how much of TeX's memory you used:
 7065 strings out of 492649
 105714 string characters out of 6129622
 211073 words of memory out of 5000000
 10856 multiletter control sequences out of 15000+600000
 21940 words of font info for 80 fonts, out of 8000000 for 9000
 1141 hyphenation exceptions out of 8191
 35i,10n,37p,266b,399s stack positions out of 5000i,500n,10000p,200000b,80000s
</usr/local/texlive/2018/texmf-dist/fonts/type1/public/amsfonts
/cm/cmbx12.pfb></usr/local/texlive/2018/texmf-dist/fonts/type1/public/amsfonts/
cm/cmex10.pfb></usr/local/texlive/2018/texmf-dist/fonts/type1/public/amsfonts/c
m/cmmi8.pfb></usr/local/texlive/2018/texmf-dist/fonts/type1/public/amsfonts/cm/
cmmib10.pfb></usr/local/texlive/2018/texmf-dist/fonts/type1/public/amsfonts/cm/
cmsy8.pfb></usr/local/texlive/2018/texmf-dist/fonts/type1/public/amsfonts/cm/cm
tt8.pfb></usr/local/texlive/2018/texmf-dist/fonts/type1/public/amsfonts/latxfon
t/lcmss8.pfb></usr/local/texlive/2018/texmf-dist/fonts/type1/public/amsfonts/la
txfont/lcmssb8.pfb></usr/local/texlive/2018/texmf-dist/fonts/type1/public/amsfo
nts/latxfont/lcmssi8.pfb>
Output written on SARCarpentryJSM2019.pdf (30 pages, 6125847 bytes).
PDF statistics:
 190 PDF objects out of 1000 (max. 8388607)
 125 compressed objects within 2 object streams
 2 named destinations out of 1000 (max. 500000)
 61 words of extra memory for PDF output out of 10000 (max. 10000000)

